<?xml version="1.0" encoding="UTF-8"?>
<!-- Generated by org.testng.reporters.JUnitXMLReporter -->
<testsuite hostname="Admin-PC" ignored="0" name="ApplicationTest" tests="2" failures="1" timestamp="27 Sep 2018 13:14:21 GMT" time="50.566" errors="0">
  <testcase name="createAccount" time="0.007" classname="TestSuites.SmokeTest"/>
  <testcase name="initializeTestBaseSetup" time="50.52" classname="TestSuites.SmokeTest">
    <failure type="java.lang.AssertionError" message="expected [http://automationpractice.com/index.php?controller=authentication&amp;amp;back=my-account#account-creation] but found [http://automationpractice.com/index.php?controller=authentication&amp;amp;back=my-account]">
      <![CDATA[java.lang.AssertionError: expected [http://automationpractice.com/index.php?controller=authentication&back=my-account#account-creation] but found [http://automationpractice.com/index.php?controller=authentication&back=my-account]
at pageobjects.CreateAccountPage.CreateAccount(CreateAccountPage.java:41)
at TestSuites.SmokeTest.initializeTestBaseSetup(SmokeTest.java:63)
... Removed 31 stack frames]]>
    </failure>
  </testcase> <!-- initializeTestBaseSetup -->
</testsuite> <!-- ApplicationTest -->
